Generated at 2016-04-19 14:19:57 +0000
Net::HTTPServerException: 412 "Precondition Failed"
/opt/chef/embedded/lib/ruby/2.1.0/net/http/response.rb:119:in `error!'
/opt/chef/embedded/lib/ruby/gems/2.1.0/gems/chef-12.9.38/lib/chef/http.rb:146:in `request'
/opt/chef/embedded/lib/ruby/gems/2.1.0/gems/chef-12.9.38/lib/chef/http.rb:127:in `post'
/opt/chef/embedded/lib/ruby/gems/2.1.0/gems/chef-12.9.38/lib/chef/policy_builder/expand_node_object.rb:204:in `sync_cookbooks'
/opt/chef/embedded/lib/ruby/gems/2.1.0/gems/chef-12.9.38/lib/chef/policy_builder/expand_node_object.rb:83:in `setup_run_context'
/opt/chef/embedded/lib/ruby/gems/2.1.0/gems/chef-12.9.38/lib/chef/client.rb:508:in `setup_run_context'
/opt/chef/embedded/lib/ruby/gems/2.1.0/gems/chef-12.9.38/lib/chef/client.rb:278:in `run'
/opt/chef/embedded/lib/ruby/gems/2.1.0/gems/chef-12.9.38/lib/chef/application.rb:285:in `block in fork_chef_client'
/opt/chef/embedded/lib/ruby/gems/2.1.0/gems/chef-12.9.38/lib/chef/application.rb:273:in `fork'
/opt/chef/embedded/lib/ruby/gems/2.1.0/gems/chef-12.9.38/lib/chef/application.rb:273:in `fork_chef_client'
/opt/chef/embedded/lib/ruby/gems/2.1.0/gems/chef-12.9.38/lib/chef/application.rb:238:in `block in run_chef_client'
/opt/chef/embedded/lib/ruby/gems/2.1.0/gems/chef-12.9.38/lib/chef/local_mode.rb:44:in `with_server_connectivity'
/opt/chef/embedded/lib/ruby/gems/2.1.0/gems/chef-12.9.38/lib/chef/application.rb:226:in `run_chef_client'
/opt/chef/embedded/lib/ruby/gems/2.1.0/gems/chef-12.9.38/lib/chef/application/client.rb:456:in `sleep_then_run_chef_client'
/opt/chef/embedded/lib/ruby/gems/2.1.0/gems/chef-12.9.38/lib/chef/application/client.rb:443:in `block in interval_run_chef_client'
/opt/chef/embedded/lib/ruby/gems/2.1.0/gems/chef-12.9.38/lib/chef/application/client.rb:442:in `loop'
/opt/chef/embedded/lib/ruby/gems/2.1.0/gems/chef-12.9.38/lib/chef/application/client.rb:442:in `interval_run_chef_client'
/opt/chef/embedded/lib/ruby/gems/2.1.0/gems/chef-12.9.38/lib/chef/application/client.rb:426:in `run_application'
/opt/chef/embedded/lib/ruby/gems/2.1.0/gems/chef-12.9.38/lib/chef/application.rb:58:in `run'
/opt/chef/embedded/lib/ruby/gems/2.1.0/gems/chef-12.9.38/bin/chef-client:26:in `<top (required)>'
/bin/chef-client:51:in `load'
/bin/chef-client:51:in `<main>'